{"total": {"lines":{"total":118,"covered":118,"skipped":0,"pct":100},"statements":{"total":121,"covered":121,"skipped":0,"pct":100},"functions":{"total":15,"covered":15,"skipped":0,"pct":100},"branches":{"total":37,"covered":37,"skipped":0,"pct":100},"branchesTrue":{"total":0,"covered":0,"skipped":0,"pct":100}}
,"C:\\Users\\ADMIN\\OneDrive - ut.edu.vn\\Backup\\Desktop\\Clone CNPM\\clone2\\KCPM-2026\\backend\\src\\controllers\\categoryController.js": {"lines":{"total":43,"covered":43,"skipped":0,"pct":100},"functions":{"total":6,"covered":6,"skipped":0,"pct":100},"statements":{"total":46,"covered":46,"skipped":0,"pct":100},"branches":{"total":10,"covered":10,"skipped":0,"pct":100}}
,"C:\\Users\\ADMIN\\OneDrive - ut.edu.vn\\Backup\\Desktop\\Clone CNPM\\clone2\\KCPM-2026\\backend\\src\\controllers\\productController.js": {"lines":{"total":42,"covered":42,"skipped":0,"pct":100},"functions":{"total":5,"covered":5,"skipped":0,"pct":100},"statements":{"total":42,"covered":42,"skipped":0,"pct":100},"branches":{"total":10,"covered":10,"skipped":0,"pct":100}}
,"C:\\Users\\ADMIN\\OneDrive - ut.edu.vn\\Backup\\Desktop\\Clone CNPM\\clone2\\KCPM-2026\\backend\\src\\middlewares\\authMiddleware.js": {"lines":{"total":33,"covered":33,"skipped":0,"pct":100},"functions":{"total":4,"covered":4,"skipped":0,"pct":100},"statements":{"total":33,"covered":33,"skipped":0,"pct":100},"branches":{"total":17,"covered":17,"skipped":0,"pct":100}}
}
