TN:
SF:src\controllers\categoryController.js
FN:4,(anonymous_0)
FN:28,(anonymous_1)
FN:42,(anonymous_2)
FN:53,(anonymous_3)
FN:62,(anonymous_4)
FN:75,(anonymous_5)
FNF:6
FNH:6
FNDA:4,(anonymous_0)
FNDA:4,(anonymous_1)
FNDA:3,(anonymous_2)
FNDA:2,(anonymous_3)
FNDA:3,(anonymous_4)
FNDA:3,(anonymous_5)
DA:1,1
DA:2,1
DA:4,1
DA:5,4
DA:6,4
DA:7,4
DA:9,4
DA:10,1
DA:18,4
DA:28,3
DA:29,4
DA:30,4
DA:31,4
DA:32,4
DA:35,3
DA:37,1
DA:38,1
DA:42,1
DA:43,3
DA:44,3
DA:45,2
DA:46,1
DA:48,1
DA:49,1
DA:53,1
DA:54,2
DA:55,2
DA:56,1
DA:58,1
DA:62,1
DA:63,3
DA:64,3
DA:67,2
DA:68,1
DA:69,1
DA:71,1
DA:75,1
DA:76,3
DA:77,3
DA:80,2
DA:81,1
DA:83,1
DA:84,1
LF:43
LH:43
BRDA:9,0,0,1
BRDA:9,0,1,3
BRDA:30,1,0,2
BRDA:30,1,1,2
BRDA:45,2,0,1
BRDA:45,2,1,1
BRDA:67,3,0,1
BRDA:67,3,1,1
BRDA:80,4,0,1
BRDA:80,4,1,1
BRF:10
BRH:10
end_of_record
TN:
SF:src\controllers\productController.js
FN:7,(anonymous_0)
FN:24,(anonymous_1)
FN:36,(anonymous_2)
FN:45,(anonymous_3)
FN:60,(anonymous_4)
FNF:5
FNH:5
FNDA:5,(anonymous_0)
FNDA:3,(anonymous_1)
FNDA:2,(anonymous_2)
FNDA:3,(anonymous_3)
FNDA:3,(anonymous_4)
DA:1,1
DA:2,1
DA:3,1
DA:4,1
DA:7,1
DA:8,5
DA:9,5
DA:10,5
DA:11,5
DA:12,2
DA:14,5
DA:15,2
DA:17,5
DA:18,4
DA:20,1
DA:24,1
DA:25,3
DA:26,3
DA:27,2
DA:28,1
DA:30,1
DA:32,1
DA:36,1
DA:37,2
DA:38,2
DA:39,1
DA:41,1
DA:45,1
DA:46,3
DA:47,3
DA:50,2
DA:51,1
DA:53,1
DA:54,1
DA:56,1
DA:60,1
DA:61,3
DA:62,3
DA:65,2
DA:66,1
DA:68,1
DA:70,1
LF:42
LH:42
BRDA:11,0,0,2
BRDA:11,0,1,3
BRDA:14,1,0,2
BRDA:14,1,1,3
BRDA:27,2,0,1
BRDA:27,2,1,1
BRDA:50,3,0,1
BRDA:50,3,1,1
BRDA:65,4,0,1
BRDA:65,4,1,1
BRF:10
BRH:10
end_of_record
TN:
SF:src\middlewares\authMiddleware.js
FN:5,(anonymous_0)
FN:40,(anonymous_1)
FN:62,(anonymous_2)
FN:72,(anonymous_3)
FNF:4
FNH:4
FNDA:4,(anonymous_0)
FNDA:4,(anonymous_1)
FNDA:5,(anonymous_2)
FNDA:4,(anonymous_3)
DA:1,1
DA:3,1
DA:5,1
DA:7,4
DA:9,4
DA:11,4
DA:13,1
DA:19,3
DA:21,3
DA:26,2
DA:28,2
DA:32,1
DA:40,1
DA:41,4
DA:42,4
DA:43,4
DA:44,1
DA:45,1
DA:48,3
DA:49,3
DA:53,2
DA:54,2
DA:57,1
DA:58,1
DA:62,1
DA:63,5
DA:64,2
DA:66,3
DA:72,1
DA:73,4
DA:74,4
DA:75,2
DA:77,2
LF:33
LH:33
BRDA:11,0,0,1
BRDA:11,0,1,3
BRDA:23,1,0,3
BRDA:23,1,1,1
BRDA:43,2,0,1
BRDA:43,2,1,3
BRDA:51,3,0,3
BRDA:51,3,1,1
BRDA:63,4,0,2
BRDA:63,4,1,3
BRDA:63,5,0,5
BRDA:63,5,1,4
BRDA:63,5,2,3
BRDA:74,6,0,2
BRDA:74,6,1,2
BRDA:74,7,0,4
BRDA:74,7,1,3
BRF:17
BRH:17
end_of_record
